<?xml version="1.0" encoding="UTF-8"?>
<!-- Generated by org.testng.reporters.JUnitXMLReporter -->
<testsuite ignored="0" hostname="DESKTOP-TQN180S" failures="0" tests="7" name="UserManagementTests" time="73.516" errors="0" timestamp="2025-11-20T21:10:31 IST">
  <testcase classname="tests.UserManagementTest" name="testLogin" time="5.458"/>
  <testcase classname="tests.UserManagementTest" name="testNavigateToAdminModule" time="2.373"/>
  <testcase classname="tests.UserManagementTest" name="testAddNewUser" time="13.415"/>
  <testcase classname="tests.UserManagementTest" name="testSearchNewlyCreatedUser" time="0.943"/>
  <testcase classname="tests.UserManagementTest" name="testEditAllPossibleDetails_EditUsername" time="13.258"/>
  <testcase classname="tests.UserManagementTest" name="testValidateUpdatedDetails" time="0.927"/>
  <testcase classname="tests.UserManagementTest" name="testDeleteUser" time="20.111"/>
</testsuite> <!-- UserManagementTests -->
