<?xml version="1.0" encoding="UTF-8"?>
<!-- Generated by org.testng.reporters.JUnitReportReporter -->
<testsuite hostname="DESKTOP-TQN180S" failures="0" tests="7" name="tests.UserManagementTest" time="56.504" errors="0" timestamp="2025-11-20T21:10:31 IST" skipped="0">
  <testcase classname="tests.UserManagementTest" name="testLogin" time="5.460"/>
  <testcase classname="tests.UserManagementTest" name="testNavigateToAdminModule" time="2.375"/>
  <testcase classname="tests.UserManagementTest" name="testAddNewUser" time="13.417"/>
  <testcase classname="tests.UserManagementTest" name="testSearchNewlyCreatedUser" time="0.944"/>
  <testcase classname="tests.UserManagementTest" name="testEditAllPossibleDetails_EditUsername" time="13.259"/>
  <testcase classname="tests.UserManagementTest" name="testValidateUpdatedDetails" time="0.929"/>
  <testcase classname="tests.UserManagementTest" name="testDeleteUser" time="20.120"/>
</testsuite> <!-- tests.UserManagementTest -->
